<?xml version="1.0" encoding="UTF-8"?>
<!-- Generated by org.testng.reporters.JUnitReportReporter -->
<testsuite hostname="LAPTOP-J2GBI7E8" failures="0" tests="2" name="tests.LoginTest" time="0.023" errors="0" timestamp="2025-08-28T12:29:03 IST" skipped="0">
  <testcase classname="tests.LoginTest" name="validLoginTest" time="0.005"/>
  <testcase classname="tests.LoginTest" name="invalidLoginTest" time="0.018"/>
</testsuite> <!-- tests.LoginTest -->
